commit db8a36b0359d1bb8dc6aff664091f4541402c178
Author: User-u1 <9403984@alumnos.ufv.es>
Date:   Mon Dec 30 22:04:18 2024 +0100

    Finished the project

commit 300b534fd535c07b728f31d106c16e519cb4537a
Author: User-u1 <9403984@alumnos.ufv.es>
Date:   Sun Dec 29 20:21:39 2024 +0100

    Added all sections

commit 1f7e7efd166a68e757c819e31ea271139809684f
Author: User-u1 <9403984@alumnos.ufv.es>
Date:   Sun Dec 29 19:58:24 2024 +0100

    Add .gitignore file

commit b43035c96a7b79d8a8656f526cffb1a5c95f36fd
Author: User-u1 <9403984@alumnos.ufv.es>
Date:   Sun Dec 29 19:43:10 2024 +0100

    Initial commit with project files

commit e9925f1448d915b9fce65265849646e1f2c87f64
Author: User-u1 <9403984@alumnos.ufv.es>
Date:   Sun Dec 29 19:34:07 2024 +0100

    Initial commit
